<?xml version="1.0" encoding="UTF-8"?>
<!-- Generated by org.testng.reporters.JUnitReportReporter -->
<testsuite skipped="0" hostname="DESKTOP-KKBBGQN" name="test_Pages.Benefile_Test" tests="2" failures="0" timestamp="11 Jun 2019 11:58:48 GMT" time="1.675" errors="0">
  <testcase name="benetest" time="1.673" classname="test_Pages.Benefile_Test"/>
  <testcase name="test" time="0.002" classname="test_Pages.Benefile_Test"/>
</testsuite> <!-- test_Pages.Benefile_Test -->
