<?xml version="1.0" encoding="UTF-8"?>
<!-- Generated by org.testng.reporters.JUnitReportReporter -->
<testsuite skipped="0" hostname="DESKTOP-KKBBGQN" name="test_Pages.Baseclass" tests="1" failures="0" timestamp="07 Jun 2019 13:29:32 GMT" time="0.006" errors="0">
  <testcase name="test" time="0.006" classname="test_Pages.Baseclass"/>
</testsuite> <!-- test_Pages.Baseclass -->
