<?xml version="1.0" encoding="UTF-8"?>
<!-- Generated by org.testng.reporters.JUnitReportReporter -->
<testsuite skipped="0" hostname="DESKTOP-KKBBGQN" name="test_Pages.Benefile_Test" tests="1" failures="0" timestamp="22 May 2019 13:24:47 GMT" time="2.290" errors="0">
  <testcase name="benetest" time="2.290" classname="test_Pages.Benefile_Test"/>
</testsuite> <!-- test_Pages.Benefile_Test -->
