<?xml version="1.0" encoding="UTF-8"?>
<!-- Generated by org.testng.reporters.JUnitReportReporter -->
<testsuite skipped="0" hostname="DESKTOP-KKBBGQN" name="test_Pages.MerchantList_Test" tests="1" failures="0" timestamp="31 May 2019 10:06:43 GMT" time="7.552" errors="0">
  <testcase name="merchantlist_Test" time="7.552" classname="test_Pages.MerchantList_Test"/>
</testsuite> <!-- test_Pages.MerchantList_Test -->
