<?xml version="1.0" encoding="UTF-8"?>
<!-- Generated by org.testng.reporters.JUnitReportReporter -->
<testsuite skipped="0" hostname="DESKTOP-KKBBGQN" name="test_Pages.Homerefresh_Test" tests="1" failures="0" timestamp="22 May 2019 05:41:31 GMT" time="1.303" errors="0">
  <testcase name="homerefresh" time="1.303" classname="test_Pages.Homerefresh_Test"/>
</testsuite> <!-- test_Pages.Homerefresh_Test -->
